e:\worklearn\framework\grapht\grapht\x64\debug\vc143.pdb
e:\worklearn\framework\grapht\grapht\x64\debug\vc143.idb
e:\worklearn\framework\grapht\grapht\x64\debug\imgui_impl_vulkan.obj
e:\worklearn\framework\grapht\grapht\x64\debug\imgui_impl_sdl3.obj
e:\worklearn\framework\grapht\grapht\x64\debug\guiview.obj
e:\worklearn\framework\grapht\grapht\x64\debug\imgui_impl_opengl3.obj
e:\worklearn\framework\grapht\grapht\x64\debug\eginemain.obj
e:\worklearn\framework\grapht\grapht\x64\debug\winapp.obj
e:\worklearn\framework\grapht\grapht\x64\debug\glad.obj
e:\worklearn\framework\grapht\grapht\x64\debug\stb_image.obj
e:\worklearn\framework\grapht\grapht\x64\debug\texture.obj
e:\worklearn\framework\grapht\grapht\x64\debug\materialmanager.obj
e:\worklearn\framework\grapht\grapht\x64\debug\shader.obj
e:\worklearn\framework\grapht\x64\debug\grapht.exe
e:\worklearn\framework\grapht\grapht\x64\debug\grapht.ilk
e:\worklearn\framework\grapht\x64\debug\grapht.pdb
e:\worklearn\framework\grapht\grapht\x64\debug\grapht.tlog\cl.command.1.tlog
e:\worklearn\framework\grapht\grapht\x64\debug\grapht.tlog\cl.read.1.tlog
e:\worklearn\framework\grapht\grapht\x64\debug\grapht.tlog\cl.write.1.tlog
e:\worklearn\framework\grapht\grapht\x64\debug\grapht.tlog\link.command.1.tlog
e:\worklearn\framework\grapht\grapht\x64\debug\grapht.tlog\link.read.1.tlog
e:\worklearn\framework\grapht\grapht\x64\debug\grapht.tlog\link.write.1.tlog
